This is pdfTeX, Version 3.14159265-2.6-1.40.20 (TeX Live 2019) (preloaded format=latex 2020.2.20)  12 DEC 2020 08:39
entering extended mode
 restricted \write18 enabled.
 %&-line parsing enabled.
**"Buffer designprosjekt.tex"
(./Buffer designprosjekt.tex
LaTeX2e <2020-02-02> patch level 2
L3 programming layer <2020-02-14>
(/home/jg/.TinyTeX/texmf-dist/tex/latex/base/article.cls
Document Class: article 2019/12/20 v1.4l Standard LaTeX document class
(/home/jg/.TinyTeX/texmf-dist/tex/latex/base/size11.clo
File: size11.clo 2019/12/20 v1.4l Standard LaTeX file (size option)
)
\c@part=\count167
\c@section=\count168
\c@subsection=\count169
\c@subsubsection=\count170
\c@paragraph=\count171
\c@subparagraph=\count172
\c@figure=\count173
\c@table=\count174
\abovecaptionskip=\skip47
\belowcaptionskip=\skip48
\bibindent=\dimen134
)
(/home/jg/.TinyTeX/texmf-dist/tex/latex/base/inputenc.sty
Package: inputenc 2018/08/11 v1.3c Input encoding file
\inpenc@prehook=\toks14
\inpenc@posthook=\toks15
)

! LaTeX Error: File `a4wide.sty' not found.

Type X to quit or <RETURN> to proceed,
or enter new name. (Default extension: sty)

Enter file name: 
! Emergency stop.
<read *> 
         
l.6 \usepackage
               {lmodern}^^M
*** (cannot \read from terminal in nonstop modes)

 
Here is how much of TeX's memory you used:
 246 strings out of 483159
 2956 string characters out of 5965362
 231757 words of memory out of 5000000
 15363 multiletter control sequences out of 15000+600000
 532638 words of font info for 25 fonts, out of 8000000 for 9000
 14 hyphenation exceptions out of 8191
 23i,0n,24p,167b,36s stack positions out of 5000i,500n,10000p,200000b,80000s
No pages of output.
